app/manifest-merger-release-report.txt
-- Merging decision tree log ---
manifest
ADDED from AndroidManifest.xml:2:1
	xmlns:android
		ADDED from AndroidManifest.xml:2:11
	package
		ADDED from AndroidManifest.xml:3:5
		INJECTED from AndroidManifest.xml:0:0
		INJECTED from AndroidManifest.xml:0:0
	android:versionName
		INJECTED from AndroidManifest.xml:0:0
		INJECTED from AndroidManifest.xml:0:0
	android:versionCode
		INJECTED from AndroidManifest.xml:0:0
		INJECTED from AndroidManifest.xml:0:0
uses-permission#android.permission.INTERNET
ADDED from AndroidManifest.xml:5:5
MERGED from com.crashlytics.sdk.android:crashlytics:2.2.4:9:5
	android:name
		ADDED from AndroidManifest.xml:5:22
uses-permission#android.permission.ACCESS_NETWORK_STATE
ADDED from AndroidManifest.xml:6:5
	android:name
		ADDED from AndroidManifest.xml:6:22
uses-permission#android.permission.WRITE_EXTERNAL_STORAGE
ADDED from AndroidManifest.xml:7:5
	android:name
		ADDED from AndroidManifest.xml:7:22
uses-permission#com.google.android.providers.gsf.permission.READ_GSERVICES
ADDED from AndroidManifest.xml:8:5
	android:name
		ADDED from AndroidManifest.xml:8:22
uses-permission#android.permission.ACCESS_WIFI_STATE
ADDED from AndroidManifest.xml:9:5
	android:name
		ADDED from AndroidManifest.xml:9:22
uses-permission#com.google.android.c2dm.permission.RECEIVE
ADDED from AndroidManifest.xml:10:5
	android:name
		ADDED from AndroidManifest.xml:10:22
uses-permission#android.permission.GET_ACCOUNTS
ADDED from AndroidManifest.xml:11:5
	android:name
		ADDED from AndroidManifest.xml:11:22
uses-permission#android.permission.WAKE_LOCK
ADDED from AndroidManifest.xml:12:5
	android:name
		ADDED from AndroidManifest.xml:12:22
uses-permission#android.permission.READ_PHONE_STATE
ADDED from AndroidManifest.xml:13:5
	android:name
		ADDED from AndroidManifest.xml:13:22
uses-permission#android.permission.VIBRATE
ADDED from AndroidManifest.xml:14:5
	android:name
		ADDED from AndroidManifest.xml:14:22
uses-permission#android.permission.RECEIVE_BOOT_COMPLETED
ADDED from AndroidManifest.xml:15:5
	android:name
		ADDED from AndroidManifest.xml:15:22
uses-permission#android.permission.CALL_PHONE
ADDED from AndroidManifest.xml:16:5
	android:name
		ADDED from AndroidManifest.xml:16:22
uses-permission#android.permission.READ_CONTACTS
ADDED from AndroidManifest.xml:17:5
	android:name
		ADDED from AndroidManifest.xml:17:22
uses-permission#android.permission.READ_PROFILE
ADDED from AndroidManifest.xml:18:5
	android:name
		ADDED from AndroidManifest.xml:18:22
uses-permission#android.permission.SEND_SMS
ADDED from AndroidManifest.xml:19:5
	android:name
		ADDED from AndroidManifest.xml:19:22
uses-permission#android.permission.RECEIVE_SMS
ADDED from AndroidManifest.xml:20:5
	android:name
		ADDED from AndroidManifest.xml:20:22
permission#me.sahiljain.tripTracker.permission.C2D_MESSAGE
ADDED from AndroidManifest.xml:22:5
	android:protectionLevel
		ADDED from AndroidManifest.xml:24:9
	android:name
		ADDED from AndroidManifest.xml:23:9
uses-permission#me.sahiljain.tripTracker.permission.C2D_MESSAGE
ADDED from AndroidManifest.xml:25:5
	android:name
		ADDED from AndroidManifest.xml:25:22
uses-permission#android.permission.ACCESS_COARSE_LOCATION
ADDED from AndroidManifest.xml:32:5
	android:name
		ADDED from AndroidManifest.xml:32:22
uses-permission#android.permission.ACCESS_FINE_LOCATION
ADDED from AndroidManifest.xml:33:5
	android:name
		ADDED from AndroidManifest.xml:33:22
uses-feature#0x00200000
ADDED from AndroidManifest.xml:35:5
	android:required
		ADDED from AndroidManifest.xml:37:9
	android:glEsVersion
		ADDED from AndroidManifest.xml:36:9
uses-feature#android.hardware.location
ADDED from AndroidManifest.xml:38:5
	android:required
		ADDED from AndroidManifest.xml:40:9
	android:name
		ADDED from AndroidManifest.xml:39:9
uses-feature#android.hardware.location.gps
ADDED from AndroidManifest.xml:41:5
	android:required
		ADDED from AndroidManifest.xml:43:9
	android:name
		ADDED from AndroidManifest.xml:42:9
application
ADDED from AndroidManifest.xml:46:5
MERGED from com.android.support:appcompat-v7:22.1.1:22:5
MERGED from com.android.support:support-v4:22.1.1:22:5
MERGED from com.google.android.gms:play-services:6.5.87:20:5
MERGED from com.android.support:support-v4:22.1.1:22:5
MERGED from com.facebook.android:facebook-android-sdk:3.23.0:24:5
MERGED from com.android.support:support-v4:22.1.1:22:5
MERGED from com.astuetz:pagerslidingtabstrip:1.0.1:4:5
MERGED from com.android.support:support-v4:22.1.1:22:5
MERGED from com.shamanland:fab:0.0.8:12:5
MERGED from com.crashlytics.sdk.android:crashlytics:2.2.4:11:5
MERGED from com.crashlytics.sdk.android:answers:1.2.0:9:5
MERGED from io.fabric.sdk.android:fabric:1.3.1:9:5
MERGED from com.crashlytics.sdk.android:beta:1.1.2:9:5
MERGED from io.fabric.sdk.android:fabric:1.3.1:9:5
	android:label
		ADDED from AndroidManifest.xml:51:9
	android:allowBackup
		ADDED from AndroidManifest.xml:48:9
	android:icon
		ADDED from AndroidManifest.xml:49:9
	android:installLocation
		ADDED from AndroidManifest.xml:50:9
	android:name
		ADDED from AndroidManifest.xml:47:9
meta-data#com.google.android.gms.version
ADDED from AndroidManifest.xml:53:9
MERGED from com.google.android.gms:play-services:6.5.87:21:9
	android:name
		ADDED from AndroidManifest.xml:54:13
	android:value
		ADDED from AndroidManifest.xml:55:13
meta-data#com.google.android.maps.v2.API_KEY
ADDED from AndroidManifest.xml:56:9
	android:name
		ADDED from AndroidManifest.xml:57:13
	android:value
		ADDED from AndroidManifest.xml:58:13
meta-data#com.facebook.sdk.ApplicationId
ADDED from AndroidManifest.xml:59:9
	android:name
		ADDED from AndroidManifest.xml:60:13
	android:value
		ADDED from AndroidManifest.xml:61:13
meta-data#com.parse.push.gcm_sender_id
ADDED from AndroidManifest.xml:62:9
	android:name
		ADDED from AndroidManifest.xml:63:13
	android:value
		ADDED from AndroidManifest.xml:64:13
activity#me.sahiljain.tripTracker.db.Persistence
ADDED from AndroidManifest.xml:66:9
	android:name
		ADDED from AndroidManifest.xml:66:19
activity#me.sahiljain.tripTracker.main.TabMainActivity
ADDED from AndroidManifest.xml:69:9
	android:screenOrientation
		ADDED from AndroidManifest.xml:72:13
	android:label
		ADDED from AndroidManifest.xml:71:13
	android:theme
		ADDED from AndroidManifest.xml:73:13
	android:name
		ADDED from AndroidManifest.xml:70:13
intent-filter#android.intent.action.MAIN+android.intent.category.LAUNCHER
ADDED from AndroidManifest.xml:75:13
action#android.intent.action.MAIN
ADDED from AndroidManifest.xml:76:17
	android:name
		ADDED from AndroidManifest.xml:76:25
category#android.intent.category.LAUNCHER
ADDED from AndroidManifest.xml:77:17
	android:name
		ADDED from AndroidManifest.xml:77:27
activity#me.sahiljain.tripTracker.windows.Preferences
ADDED from AndroidManifest.xml:82:9
	android:label
		ADDED from AndroidManifest.xml:84:13
	android:parentActivityName
		ADDED from AndroidManifest.xml:85:13
	android:name
		ADDED from AndroidManifest.xml:83:13
meta-data#android.support.PARENT_ACTIVITY
ADDED from AndroidManifest.xml:88:13
	android:name
		ADDED from AndroidManifest.xml:89:17
	android:value
		ADDED from AndroidManifest.xml:90:17
activity#me.sahiljain.tripTracker.addTrip.AddATripFirstWindow
ADDED from AndroidManifest.xml:94:9
	android:label
		ADDED from AndroidManifest.xml:96:13
	android:theme
		ADDED from AndroidManifest.xml:98:13
	android:parentActivityName
		ADDED from AndroidManifest.xml:97:13
	android:name
		ADDED from AndroidManifest.xml:95:13
activity#me.sahiljain.tripTracker.addTrip.AddATripSecondWindow
ADDED from AndroidManifest.xml:106:9
	android:screenOrientation
		ADDED from AndroidManifest.xml:110:13
	android:label
		ADDED from AndroidManifest.xml:108:13
	android:theme
		ADDED from AndroidManifest.xml:111:13
	android:parentActivityName
		ADDED from AndroidManifest.xml:109:13
	android:name
		ADDED from AndroidManifest.xml:107:13
activity#me.sahiljain.tripTracker.addTrip.AddATripThirdWindow
ADDED from AndroidManifest.xml:119:9
	android:screenOrientation
		ADDED from AndroidManifest.xml:123:13
	android:label
		ADDED from AndroidManifest.xml:121:13
	android:theme
		ADDED from AndroidManifest.xml:124:13
	android:parentActivityName
		ADDED from AndroidManifest.xml:122:13
	android:name
		ADDED from AndroidManifest.xml:120:13
activity#me.sahiljain.tripTracker.addTrip.AddATripFourthWindow
ADDED from AndroidManifest.xml:132:9
	android:screenOrientation
		ADDED from AndroidManifest.xml:136:13
	android:label
		ADDED from AndroidManifest.xml:134:13
	android:theme
		ADDED from AndroidManifest.xml:137:13
	android:parentActivityName
		ADDED from AndroidManifest.xml:135:13
	android:name
		ADDED from AndroidManifest.xml:133:13
activity#com.facebook.LoginActivity
ADDED from AndroidManifest.xml:144:9
	android:label
		ADDED from AndroidManifest.xml:146:13
	android:name
		ADDED from AndroidManifest.xml:145:13
service#me.sahiljain.tripTracker.notificationService.NotificationSendingService
ADDED from AndroidManifest.xml:148:9
	android:label
		ADDED from AndroidManifest.xml:151:13
	android:icon
		ADDED from AndroidManifest.xml:150:13
	android:name
		ADDED from AndroidManifest.xml:149:13
activity#me.sahiljain.tripTracker.windows.Notification
ADDED from AndroidManifest.xml:154:9
	android:label
		ADDED from AndroidManifest.xml:156:13
	android:parentActivityName
		ADDED from AndroidManifest.xml:157:13
	android:name
		ADDED from AndroidManifest.xml:155:13
activity#me.sahiljain.tripTracker.verification.IntroActivity
ADDED from AndroidManifest.xml:166:9
	android:label
		ADDED from AndroidManifest.xml:168:13
	android:name
		ADDED from AndroidManifest.xml:167:13
activity#me.sahiljain.tripTracker.verification.SignUpActivity
ADDED from AndroidManifest.xml:171:9
	android:noHistory
		ADDED from AndroidManifest.xml:174:13
	android:label
		ADDED from AndroidManifest.xml:173:13
	android:parentActivityName
		ADDED from AndroidManifest.xml:175:13
	android:name
		ADDED from AndroidManifest.xml:172:13
activity#me.sahiljain.tripTracker.windows.StartJourney
ADDED from AndroidManifest.xml:183:9
	android:label
		ADDED from AndroidManifest.xml:185:13
	android:parentActivityName
		ADDED from AndroidManifest.xml:186:13
	android:name
		ADDED from AndroidManifest.xml:184:13
activity#me.sahiljain.tripTracker.windows.SearchResults
ADDED from AndroidManifest.xml:194:9
	android:label
		ADDED from AndroidManifest.xml:196:13
	android:name
		ADDED from AndroidManifest.xml:195:13
activity#me.sahiljain.tripTracker.windows.Profile
ADDED from AndroidManifest.xml:199:9
	android:label
		ADDED from AndroidManifest.xml:201:13
	android:parentActivityName
		ADDED from AndroidManifest.xml:202:13
	android:name
		ADDED from AndroidManifest.xml:200:13
activity#me.sahiljain.tripTracker.windows.NotificationSettings
ADDED from AndroidManifest.xml:210:9
	android:label
		ADDED from AndroidManifest.xml:212:13
	android:parentActivityName
		ADDED from AndroidManifest.xml:213:13
	android:name
		ADDED from AndroidManifest.xml:211:13
activity#me.sahiljain.tripTracker.windows.ListOfFriends
ADDED from AndroidManifest.xml:220:9
	android:label
		ADDED from AndroidManifest.xml:222:13
	android:parentActivityName
		ADDED from AndroidManifest.xml:223:13
	android:name
		ADDED from AndroidManifest.xml:221:13
activity#me.sahiljain.tripTracker.main.TripDetailedActivity
ADDED from AndroidManifest.xml:231:9
	android:screenOrientation
		ADDED from AndroidManifest.xml:236:13
	android:label
		ADDED from AndroidManifest.xml:234:13
	android:theme
		ADDED from AndroidManifest.xml:237:13
	android:background
		ADDED from AndroidManifest.xml:233:13
	android:parentActivityName
		ADDED from AndroidManifest.xml:235:13
	android:name
		ADDED from AndroidManifest.xml:232:13
activity#me.sahiljain.tripTracker.main.NotificationDetailedActivity
ADDED from AndroidManifest.xml:245:9
	android:screenOrientation
		ADDED from AndroidManifest.xml:249:13
	android:theme
		ADDED from AndroidManifest.xml:250:13
	android:background
		ADDED from AndroidManifest.xml:247:13
	android:parentActivityName
		ADDED from AndroidManifest.xml:248:13
	android:name
		ADDED from AndroidManifest.xml:246:13
service#com.parse.PushService
ADDED from AndroidManifest.xml:259:9
	android:name
		ADDED from AndroidManifest.xml:259:18
receiver#com.parse.ParseBroadcastReceiver
ADDED from AndroidManifest.xml:262:9
	android:name
		ADDED from AndroidManifest.xml:262:19
intent-filter#android.intent.action.BOOT_COMPLETED+android.intent.action.USER_PRESENT
ADDED from AndroidManifest.xml:263:13
action#android.intent.action.BOOT_COMPLETED
ADDED from AndroidManifest.xml:264:17
	android:name
		ADDED from AndroidManifest.xml:264:25
action#android.intent.action.USER_PRESENT
ADDED from AndroidManifest.xml:265:17
	android:name
		ADDED from AndroidManifest.xml:265:25
receiver#me.sahiljain.tripTracker.notificationService.ParseNotificationReceiver
ADDED from AndroidManifest.xml:275:9
	android:exported
		ADDED from AndroidManifest.xml:278:13
	android:enabled
		ADDED from AndroidManifest.xml:277:13
	android:permission
		ADDED from AndroidManifest.xml:279:13
	android:name
		ADDED from AndroidManifest.xml:276:13
intent-filter#android.intent.action.QUICKBOOT_POWERON+android.intent.action._BOOT_COMPLETED+com.google.android.c2dm.intent.RECEIVE+com.parse.push.intent.DELETE+com.parse.push.intent.OPEN+com.parse.push.intent.RECEIVE+me.sahiljain.tripTracker
ADDED from AndroidManifest.xml:281:13
action#com.parse.push.intent.RECEIVE
ADDED from AndroidManifest.xml:282:17
	android:name
		ADDED from AndroidManifest.xml:282:25
action#com.parse.push.intent.DELETE
ADDED from AndroidManifest.xml:283:17
	android:name
		ADDED from AndroidManifest.xml:283:25
action#com.parse.push.intent.OPEN
ADDED from AndroidManifest.xml:284:17
	android:name
		ADDED from AndroidManifest.xml:284:25
action#com.google.android.c2dm.intent.RECEIVE
ADDED from AndroidManifest.xml:285:17
	android:name
		ADDED from AndroidManifest.xml:285:25
action#android.intent.action._BOOT_COMPLETED
ADDED from AndroidManifest.xml:288:17
	android:name
		ADDED from AndroidManifest.xml:288:25
action#android.intent.action.QUICKBOOT_POWERON
ADDED from AndroidManifest.xml:291:17
	android:name
		ADDED from AndroidManifest.xml:291:25
category#me.sahiljain.tripTracker
ADDED from AndroidManifest.xml:293:17
	android:name
		ADDED from AndroidManifest.xml:293:27
receiver#com.parse.GcmBroadcastReceiver
ADDED from AndroidManifest.xml:297:9
	android:permission
		ADDED from AndroidManifest.xml:299:13
	android:name
		ADDED from AndroidManifest.xml:298:13
intent-filter#com.google.android.c2dm.intent.RECEIVE+com.google.android.c2dm.intent.REGISTRATION+me.sahiljain.tripTracker
ADDED from AndroidManifest.xml:300:13
action#com.google.android.c2dm.intent.REGISTRATION
ADDED from AndroidManifest.xml:302:17
	android:name
		ADDED from AndroidManifest.xml:302:25
receiver#me.sahiljain.tripTracker.notificationService.WakefulReceiver
ADDED from AndroidManifest.xml:311:9
	android:enabled
		ADDED from AndroidManifest.xml:313:13
	android:permission
		ADDED from AndroidManifest.xml:314:13
	android:name
		ADDED from AndroidManifest.xml:312:13
intent-filter#android.intent.action.BOOT_COMPLETED+android.intent.action.QUICKBOOT_POWERON+com.google.android.c2dm.intent.RECEIVE+me.sahiljain.tripTracker
ADDED from AndroidManifest.xml:315:13
service#me.sahiljain.tripTracker.notificationService.NotificationIntentService
ADDED from AndroidManifest.xml:328:9
	android:name
		ADDED from AndroidManifest.xml:328:18
meta-data#io.fabric.ApiKey
ADDED from AndroidManifest.xml:330:9
	android:name
		ADDED from AndroidManifest.xml:331:13
	android:value
		ADDED from AndroidManifest.xml:332:13
receiver#me.sahiljain.tripTracker.verification.SMSReceiver
ADDED from AndroidManifest.xml:335:9
	android:name
		ADDED from AndroidManifest.xml:335:19
intent-filter#android.provider.Telephony.SMS_RECEIVED
ADDED from AndroidManifest.xml:336:13
action#android.provider.Telephony.SMS_RECEIVED
ADDED from AndroidManifest.xml:337:17
	android:name
		ADDED from AndroidManifest.xml:337:25
activity#me.sahiljain.tripTracker.verification.VerificationActivity
ADDED from AndroidManifest.xml:341:9
	android:noHistory
		ADDED from AndroidManifest.xml:343:13
	android:theme
		ADDED from AndroidManifest.xml:344:13
	android:name
		ADDED from AndroidManifest.xml:342:13
activity#me.sahiljain.tripTracker.menu.AboutActivity
ADDED from AndroidManifest.xml:345:9
	android:screenOrientation
		ADDED from AndroidManifest.xml:347:13
	android:label
		ADDED from AndroidManifest.xml:348:13
	android:name
		ADDED from AndroidManifest.xml:346:13
uses-sdk
INJECTED from AndroidManifest.xml:0:0 reason: use-sdk injection requested
MERGED from com.android.support:appcompat-v7:22.1.1:20:5
MERGED from com.android.support:support-v4:22.1.1:20:5
MERGED from com.google.android.gms:play-services:6.5.87:18:5
MERGED from com.android.support:support-v4:22.1.1:20:5
MERGED from com.facebook.android:facebook-android-sdk:3.23.0:20:5
MERGED from com.android.support:support-v4:22.1.1:20:5
MERGED from com.astuetz:pagerslidingtabstrip:1.0.1:2:5
MERGED from com.android.support:support-v4:22.1.1:20:5
MERGED from com.shamanland:fab:0.0.8:8:5
MERGED from com.crashlytics.sdk.android:crashlytics:2.2.4:7:5
MERGED from com.crashlytics.sdk.android:answers:1.2.0:7:5
MERGED from io.fabric.sdk.android:fabric:1.3.1:7:5
MERGED from com.crashlytics.sdk.android:beta:1.1.2:7:5
MERGED from io.fabric.sdk.android:fabric:1.3.1:7:5
	android:targetSdkVersion
		INJECTED from AndroidManifest.xml:0:0
		INJECTED from AndroidManifest.xml:0:0
	android:minSdkVersion
		INJECTED from AndroidManifest.xml:0:0
		INJECTED from AndroidManifest.xml:0:0